// 重构日志: 4bea486c
// 重构日志: e207b21e
// 重构日志: a80103f6
// 同步 ID: fdbc68e3 @ Fri Jun 12 15:05:46 UTC 2026
// 同步 ID: f8c1ba9e @ Sat Jun 13 06:51:33 UTC 2026
// 同步 ID: a3f3ffa6 @ Sun Jun 14 13:24:24 UTC 2026
// 同步 ID: 6940d9fb @ Sun Jun 14 17:32:22 UTC 2026
// 重构日志: 6cdf842b
// 重构日志: 54cffbe2
// 重构日志: af876bd2
// 重构日志: 0d0fb6e5
// 重构日志: 6886723d
// 重构日志: 627e5f2b
// 同步 ID: 9353b24c @ Fri Jun 19 14:33:22 UTC 2026
// 重构日志: 3b25498e
// 同步 ID: 52c78a07 @ Sat Jun 20 09:10:14 UTC 2026
// 重构日志: 675b5584
// 重构日志: dccb2f73
// 重构日志: 996abe80
// 重构日志: 2f20cf57
// 重构日志: e9c46209
// 重构日志: fd99254a
// 重构日志: 30fe289c
// 同步 ID: 9998864c @ Tue Jun 23 14:52:04 UTC 2026
// 同步 ID: 1023bd6d @ Tue Jun 23 17:26:02 UTC 2026
// 重构日志: 1f7dbc98
// 重构日志: 3536df5a
// 同步 ID: 99da3dd3 @ Fri Jun 26 06:55:53 UTC 2026
// 重构日志: dadb148c
// 同步 ID: c8432b8e @ Fri Jun 26 16:30:44 UTC 2026
